<?xml version="1.0" encoding="UTF-8"?>
<testsuite xmlns:xsi="http://www.w3.org/2001/XMLSchema-instance" xsi:noNamespaceSchemaLocation="https://maven.apache.org/surefire/maven-surefire-plugin/xsd/surefire-test-report-3.0.xsd" version="3.0" name="com.sqldomaingen.GrammarRelationshipTest" time="0.023" tests="5" errors="0" skipped="0" failures="0">
  <properties>
    <property name="java.specification.version" value="17"/>
    <property name="sun.cpu.isalist" value="amd64"/>
    <property name="sun.jnu.encoding" value="Cp1253"/>
    <property name="java.class.path" value="C:\Users\kosma\IdeaProjects\SQLDomainGen\target\test-classes;C:\Users\kosma\IdeaProjects\SQLDomainGen\target\classes;C:\Users\kosma\.m2\repository\org\slf4j\slf4j-api\2.0.7\slf4j-api-2.0.7.jar;C:\Users\kosma\.m2\repository\ch\qos\logback\logback-classic\1.4.11\logback-classic-1.4.11.jar;C:\Users\kosma\.m2\repository\ch\qos\logback\logback-core\1.4.11\logback-core-1.4.11.jar;C:\Users\kosma\.m2\repository\org\springframework\boot\spring-boot-starter\3.1.3\spring-boot-starter-3.1.3.jar;C:\Users\kosma\.m2\repository\org\springframework\boot\spring-boot\3.1.3\spring-boot-3.1.3.jar;C:\Users\kosma\.m2\repository\org\springframework\spring-context\6.0.11\spring-context-6.0.11.jar;C:\Users\kosma\.m2\repository\org\springframework\spring-aop\6.0.11\spring-aop-6.0.11.jar;C:\Users\kosma\.m2\repository\org\springframework\spring-beans\6.0.11\spring-beans-6.0.11.jar;C:\Users\kosma\.m2\repository\org\springframework\spring-expression\6.0.11\spring-expression-6.0.11.jar;C:\Users\kosma\.m2\repository\org\springframework\boot\spring-boot-autoconfigure\3.1.3\spring-boot-autoconfigure-3.1.3.jar;C:\Users\kosma\.m2\repository\org\springframework\boot\spring-boot-starter-logging\3.1.3\spring-boot-starter-logging-3.1.3.jar;C:\Users\kosma\.m2\repository\org\apache\logging\log4j\log4j-to-slf4j\2.20.0\log4j-to-slf4j-2.20.0.jar;C:\Users\kosma\.m2\repository\org\apache\logging\log4j\log4j-api\2.20.0\log4j-api-2.20.0.jar;C:\Users\kosma\.m2\repository\org\slf4j\jul-to-slf4j\2.0.7\jul-to-slf4j-2.0.7.jar;C:\Users\kosma\.m2\repository\jakarta\annotation\jakarta.annotation-api\2.1.1\jakarta.annotation-api-2.1.1.jar;C:\Users\kosma\.m2\repository\org\springframework\spring-core\6.0.11\spring-core-6.0.11.jar;C:\Users\kosma\.m2\repository\org\springframework\spring-jcl\6.0.11\spring-jcl-6.0.11.jar;C:\Users\kosma\.m2\repository\org\yaml\snakeyaml\1.33\snakeyaml-1.33.jar;C:\Users\kosma\.m2\repository\org\springframework\boot\spring-boot-starter-test\3.1.3\spring-boot-starter-test-3.1.3.jar;C:\Users\kosma\.m2\repository\org\springframework\boot\spring-boot-test\3.1.3\spring-boot-test-3.1.3.jar;C:\Users\kosma\.m2\repository\org\springframework\boot\spring-boot-test-autoconfigure\3.1.3\spring-boot-test-autoconfigure-3.1.3.jar;C:\Users\kosma\.m2\repository\com\jayway\jsonpath\json-path\2.8.0\json-path-2.8.0.jar;C:\Users\kosma\.m2\repository\jakarta\xml\bind\jakarta.xml.bind-api\4.0.0\jakarta.xml.bind-api-4.0.0.jar;C:\Users\kosma\.m2\repository\jakarta\activation\jakarta.activation-api\2.1.2\jakarta.activation-api-2.1.2.jar;C:\Users\kosma\.m2\repository\net\minidev\json-smart\2.4.11\json-smart-2.4.11.jar;C:\Users\kosma\.m2\repository\net\minidev\accessors-smart\2.4.11\accessors-smart-2.4.11.jar;C:\Users\kosma\.m2\repository\org\ow2\asm\asm\9.3\asm-9.3.jar;C:\Users\kosma\.m2\repository\org\assertj\assertj-core\3.24.2\assertj-core-3.24.2.jar;C:\Users\kosma\.m2\repository\org\hamcrest\hamcrest\2.2\hamcrest-2.2.jar;C:\Users\kosma\.m2\repository\org\mockito\mockito-junit-jupiter\5.3.1\mockito-junit-jupiter-5.3.1.jar;C:\Users\kosma\.m2\repository\org\skyscreamer\jsonassert\1.5.1\jsonassert-1.5.1.jar;C:\Users\kosma\.m2\repository\com\vaadin\external\google\android-json\0.0.20131108.vaadin1\android-json-0.0.20131108.vaadin1.jar;C:\Users\kosma\.m2\repository\org\springframework\spring-test\6.0.11\spring-test-6.0.11.jar;C:\Users\kosma\.m2\repository\org\xmlunit\xmlunit-core\2.9.1\xmlunit-core-2.9.1.jar;C:\Users\kosma\.m2\repository\org\projectlombok\lombok\1.18.28\lombok-1.18.28.jar;C:\Users\kosma\.m2\repository\org\antlr\antlr4-runtime\4.13.1\antlr4-runtime-4.13.1.jar;C:\Users\kosma\.m2\repository\org\springframework\shell\spring-shell-starter\3.1.3\spring-shell-starter-3.1.3.jar;C:\Users\kosma\.m2\repository\org\springframework\shell\spring-shell-autoconfigure\3.1.3\spring-shell-autoconfigure-3.1.3.jar;C:\Users\kosma\.m2\repository\org\springframework\shell\spring-shell-core\3.1.3\spring-shell-core-3.1.3.jar;C:\Users\kosma\.m2\repository\org\springframework\boot\spring-boot-starter-validation\3.1.3\spring-boot-starter-validation-3.1.3.jar;C:\Users\kosma\.m2\repository\org\apache\tomcat\embed\tomcat-embed-el\10.1.12\tomcat-embed-el-10.1.12.jar;C:\Users\kosma\.m2\repository\org\hibernate\validator\hibernate-validator\8.0.1.Final\hibernate-validator-8.0.1.Final.jar;C:\Users\kosma\.m2\repository\jakarta\validation\jakarta.validation-api\3.0.2\jakarta.validation-api-3.0.2.jar;C:\Users\kosma\.m2\repository\org\jboss\logging\jboss-logging\3.5.3.Final\jboss-logging-3.5.3.Final.jar;C:\Users\kosma\.m2\repository\com\fasterxml\classmate\1.5.1\classmate-1.5.1.jar;C:\Users\kosma\.m2\repository\org\springframework\spring-messaging\6.0.11\spring-messaging-6.0.11.jar;C:\Users\kosma\.m2\repository\org\jline\jline\3.23.0\jline-3.23.0.jar;C:\Users\kosma\.m2\repository\org\antlr\ST4\4.3.1\ST4-4.3.1.jar;C:\Users\kosma\.m2\repository\org\antlr\antlr-runtime\3.5.2\antlr-runtime-3.5.2.jar;C:\Users\kosma\.m2\repository\commons-io\commons-io\2.11.0\commons-io-2.11.0.jar;C:\Users\kosma\.m2\repository\org\springframework\shell\spring-shell-standard\3.1.3\spring-shell-standard-3.1.3.jar;C:\Users\kosma\.m2\repository\org\springframework\shell\spring-shell-standard-commands\3.1.3\spring-shell-standard-commands-3.1.3.jar;C:\Users\kosma\.m2\repository\org\springframework\shell\spring-shell-table\3.1.3\spring-shell-table-3.1.3.jar;C:\Users\kosma\.m2\repository\org\mockito\mockito-core\4.8.1\mockito-core-4.8.1.jar;C:\Users\kosma\.m2\repository\net\bytebuddy\byte-buddy\1.14.6\byte-buddy-1.14.6.jar;C:\Users\kosma\.m2\repository\net\bytebuddy\byte-buddy-agent\1.14.6\byte-buddy-agent-1.14.6.jar;C:\Users\kosma\.m2\repository\org\objenesis\objenesis\3.2\objenesis-3.2.jar;C:\Users\kosma\.m2\repository\org\junit\jupiter\junit-jupiter\5.9.3\junit-jupiter-5.9.3.jar;C:\Users\kosma\.m2\repository\org\junit\jupiter\junit-jupiter-api\5.9.3\junit-jupiter-api-5.9.3.jar;C:\Users\kosma\.m2\repository\org\opentest4j\opentest4j\1.2.0\opentest4j-1.2.0.jar;C:\Users\kosma\.m2\repository\org\junit\platform\junit-platform-commons\1.9.3\junit-platform-commons-1.9.3.jar;C:\Users\kosma\.m2\repository\org\apiguardian\apiguardian-api\1.1.2\apiguardian-api-1.1.2.jar;C:\Users\kosma\.m2\repository\org\junit\jupiter\junit-jupiter-params\5.9.3\junit-jupiter-params-5.9.3.jar;C:\Users\kosma\.m2\repository\org\junit\jupiter\junit-jupiter-engine\5.9.3\junit-jupiter-engine-5.9.3.jar;C:\Users\kosma\.m2\repository\org\junit\platform\junit-platform-engine\1.9.3\junit-platform-engine-1.9.3.jar;"/>
    <property name="java.vm.vendor" value="Oracle Corporation"/>
    <property name="sun.arch.data.model" value="64"/>
    <property name="user.variant" value=""/>
    <property name="java.vendor.url" value="https://java.oracle.com/"/>
    <property name="user.timezone" value="Europe/Athens"/>
    <property name="os.name" value="Windows 11"/>
    <property name="java.vm.specification.version" value="17"/>
    <property name="sun.java.launcher" value="SUN_STANDARD"/>
    <property name="user.country" value="GR"/>
    <property name="sun.boot.library.path" value="C:\Program Files\Java\jdk-17\bin"/>
    <property name="sun.java.command" value="C:\Users\kosma\AppData\Local\Temp\surefire15572946670203893249\surefirebooter-20250128002804930_3.jar C:\Users\kosma\AppData\Local\Temp\surefire15572946670203893249 2025-01-28T00-28-04_675-jvmRun1 surefire-20250128002804930_1tmp surefire_0-20250128002804930_2tmp"/>
    <property name="jdk.debug" value="release"/>
    <property name="surefire.test.class.path" value="C:\Users\kosma\IdeaProjects\SQLDomainGen\target\test-classes;C:\Users\kosma\IdeaProjects\SQLDomainGen\target\classes;C:\Users\kosma\.m2\repository\org\slf4j\slf4j-api\2.0.7\slf4j-api-2.0.7.jar;C:\Users\kosma\.m2\repository\ch\qos\logback\logback-classic\1.4.11\logback-classic-1.4.11.jar;C:\Users\kosma\.m2\repository\ch\qos\logback\logback-core\1.4.11\logback-core-1.4.11.jar;C:\Users\kosma\.m2\repository\org\springframework\boot\spring-boot-starter\3.1.3\spring-boot-starter-3.1.3.jar;C:\Users\kosma\.m2\repository\org\springframework\boot\spring-boot\3.1.3\spring-boot-3.1.3.jar;C:\Users\kosma\.m2\repository\org\springframework\spring-context\6.0.11\spring-context-6.0.11.jar;C:\Users\kosma\.m2\repository\org\springframework\spring-aop\6.0.11\spring-aop-6.0.11.jar;C:\Users\kosma\.m2\repository\org\springframework\spring-beans\6.0.11\spring-beans-6.0.11.jar;C:\Users\kosma\.m2\repository\org\springframework\spring-expression\6.0.11\spring-expression-6.0.11.jar;C:\Users\kosma\.m2\repository\org\springframework\boot\spring-boot-autoconfigure\3.1.3\spring-boot-autoconfigure-3.1.3.jar;C:\Users\kosma\.m2\repository\org\springframework\boot\spring-boot-starter-logging\3.1.3\spring-boot-starter-logging-3.1.3.jar;C:\Users\kosma\.m2\repository\org\apache\logging\log4j\log4j-to-slf4j\2.20.0\log4j-to-slf4j-2.20.0.jar;C:\Users\kosma\.m2\repository\org\apache\logging\log4j\log4j-api\2.20.0\log4j-api-2.20.0.jar;C:\Users\kosma\.m2\repository\org\slf4j\jul-to-slf4j\2.0.7\jul-to-slf4j-2.0.7.jar;C:\Users\kosma\.m2\repository\jakarta\annotation\jakarta.annotation-api\2.1.1\jakarta.annotation-api-2.1.1.jar;C:\Users\kosma\.m2\repository\org\springframework\spring-core\6.0.11\spring-core-6.0.11.jar;C:\Users\kosma\.m2\repository\org\springframework\spring-jcl\6.0.11\spring-jcl-6.0.11.jar;C:\Users\kosma\.m2\repository\org\yaml\snakeyaml\1.33\snakeyaml-1.33.jar;C:\Users\kosma\.m2\repository\org\springframework\boot\spring-boot-starter-test\3.1.3\spring-boot-starter-test-3.1.3.jar;C:\Users\kosma\.m2\repository\org\springframework\boot\spring-boot-test\3.1.3\spring-boot-test-3.1.3.jar;C:\Users\kosma\.m2\repository\org\springframework\boot\spring-boot-test-autoconfigure\3.1.3\spring-boot-test-autoconfigure-3.1.3.jar;C:\Users\kosma\.m2\repository\com\jayway\jsonpath\json-path\2.8.0\json-path-2.8.0.jar;C:\Users\kosma\.m2\repository\jakarta\xml\bind\jakarta.xml.bind-api\4.0.0\jakarta.xml.bind-api-4.0.0.jar;C:\Users\kosma\.m2\repository\jakarta\activation\jakarta.activation-api\2.1.2\jakarta.activation-api-2.1.2.jar;C:\Users\kosma\.m2\repository\net\minidev\json-smart\2.4.11\json-smart-2.4.11.jar;C:\Users\kosma\.m2\repository\net\minidev\accessors-smart\2.4.11\accessors-smart-2.4.11.jar;C:\Users\kosma\.m2\repository\org\ow2\asm\asm\9.3\asm-9.3.jar;C:\Users\kosma\.m2\repository\org\assertj\assertj-core\3.24.2\assertj-core-3.24.2.jar;C:\Users\kosma\.m2\repository\org\hamcrest\hamcrest\2.2\hamcrest-2.2.jar;C:\Users\kosma\.m2\repository\org\mockito\mockito-junit-jupiter\5.3.1\mockito-junit-jupiter-5.3.1.jar;C:\Users\kosma\.m2\repository\org\skyscreamer\jsonassert\1.5.1\jsonassert-1.5.1.jar;C:\Users\kosma\.m2\repository\com\vaadin\external\google\android-json\0.0.20131108.vaadin1\android-json-0.0.20131108.vaadin1.jar;C:\Users\kosma\.m2\repository\org\springframework\spring-test\6.0.11\spring-test-6.0.11.jar;C:\Users\kosma\.m2\repository\org\xmlunit\xmlunit-core\2.9.1\xmlunit-core-2.9.1.jar;C:\Users\kosma\.m2\repository\org\projectlombok\lombok\1.18.28\lombok-1.18.28.jar;C:\Users\kosma\.m2\repository\org\antlr\antlr4-runtime\4.13.1\antlr4-runtime-4.13.1.jar;C:\Users\kosma\.m2\repository\org\springframework\shell\spring-shell-starter\3.1.3\spring-shell-starter-3.1.3.jar;C:\Users\kosma\.m2\repository\org\springframework\shell\spring-shell-autoconfigure\3.1.3\spring-shell-autoconfigure-3.1.3.jar;C:\Users\kosma\.m2\repository\org\springframework\shell\spring-shell-core\3.1.3\spring-shell-core-3.1.3.jar;C:\Users\kosma\.m2\repository\org\springframework\boot\spring-boot-starter-validation\3.1.3\spring-boot-starter-validation-3.1.3.jar;C:\Users\kosma\.m2\repository\org\apache\tomcat\embed\tomcat-embed-el\10.1.12\tomcat-embed-el-10.1.12.jar;C:\Users\kosma\.m2\repository\org\hibernate\validator\hibernate-validator\8.0.1.Final\hibernate-validator-8.0.1.Final.jar;C:\Users\kosma\.m2\repository\jakarta\validation\jakarta.validation-api\3.0.2\jakarta.validation-api-3.0.2.jar;C:\Users\kosma\.m2\repository\org\jboss\logging\jboss-logging\3.5.3.Final\jboss-logging-3.5.3.Final.jar;C:\Users\kosma\.m2\repository\com\fasterxml\classmate\1.5.1\classmate-1.5.1.jar;C:\Users\kosma\.m2\repository\org\springframework\spring-messaging\6.0.11\spring-messaging-6.0.11.jar;C:\Users\kosma\.m2\repository\org\jline\jline\3.23.0\jline-3.23.0.jar;C:\Users\kosma\.m2\repository\org\antlr\ST4\4.3.1\ST4-4.3.1.jar;C:\Users\kosma\.m2\repository\org\antlr\antlr-runtime\3.5.2\antlr-runtime-3.5.2.jar;C:\Users\kosma\.m2\repository\commons-io\commons-io\2.11.0\commons-io-2.11.0.jar;C:\Users\kosma\.m2\repository\org\springframework\shell\spring-shell-standard\3.1.3\spring-shell-standard-3.1.3.jar;C:\Users\kosma\.m2\repository\org\springframework\shell\spring-shell-standard-commands\3.1.3\spring-shell-standard-commands-3.1.3.jar;C:\Users\kosma\.m2\repository\org\springframework\shell\spring-shell-table\3.1.3\spring-shell-table-3.1.3.jar;C:\Users\kosma\.m2\repository\org\mockito\mockito-core\4.8.1\mockito-core-4.8.1.jar;C:\Users\kosma\.m2\repository\net\bytebuddy\byte-buddy\1.14.6\byte-buddy-1.14.6.jar;C:\Users\kosma\.m2\repository\net\bytebuddy\byte-buddy-agent\1.14.6\byte-buddy-agent-1.14.6.jar;C:\Users\kosma\.m2\repository\org\objenesis\objenesis\3.2\objenesis-3.2.jar;C:\Users\kosma\.m2\repository\org\junit\jupiter\junit-jupiter\5.9.3\junit-jupiter-5.9.3.jar;C:\Users\kosma\.m2\repository\org\junit\jupiter\junit-jupiter-api\5.9.3\junit-jupiter-api-5.9.3.jar;C:\Users\kosma\.m2\repository\org\opentest4j\opentest4j\1.2.0\opentest4j-1.2.0.jar;C:\Users\kosma\.m2\repository\org\junit\platform\junit-platform-commons\1.9.3\junit-platform-commons-1.9.3.jar;C:\Users\kosma\.m2\repository\org\apiguardian\apiguardian-api\1.1.2\apiguardian-api-1.1.2.jar;C:\Users\kosma\.m2\repository\org\junit\jupiter\junit-jupiter-params\5.9.3\junit-jupiter-params-5.9.3.jar;C:\Users\kosma\.m2\repository\org\junit\jupiter\junit-jupiter-engine\5.9.3\junit-jupiter-engine-5.9.3.jar;C:\Users\kosma\.m2\repository\org\junit\platform\junit-platform-engine\1.9.3\junit-platform-engine-1.9.3.jar;"/>
    <property name="sun.cpu.endian" value="little"/>
    <property name="user.home" value="C:\Users\kosma"/>
    <property name="user.language" value="el"/>
    <property name="java.specification.vendor" value="Oracle Corporation"/>
    <property name="java.version.date" value="2024-07-16"/>
    <property name="java.home" value="C:\Program Files\Java\jdk-17"/>
    <property name="file.separator" value="\"/>
    <property name="basedir" value="C:\Users\kosma\IdeaProjects\SQLDomainGen"/>
    <property name="java.vm.compressedOopsMode" value="Zero based"/>
    <property name="line.separator" value="&#10;"/>
    <property name="java.vm.specification.vendor" value="Oracle Corporation"/>
    <property name="java.specification.name" value="Java Platform API Specification"/>
    <property name="surefire.real.class.path" value="C:\Users\kosma\AppData\Local\Temp\surefire15572946670203893249\surefirebooter-20250128002804930_3.jar"/>
    <property name="user.script" value=""/>
    <property name="sun.management.compiler" value="HotSpot 64-Bit Tiered Compilers"/>
    <property name="java.runtime.version" value="17.0.12+8-LTS-286"/>
    <property name="user.name" value="kosma"/>
    <property name="path.separator" value=";"/>
    <property name="os.version" value="10.0"/>
    <property name="java.runtime.name" value="Java(TM) SE Runtime Environment"/>
    <property name="file.encoding" value="Cp1253"/>
    <property name="java.vm.name" value="Java HotSpot(TM) 64-Bit Server VM"/>
    <property name="localRepository" value="C:\Users\kosma\.m2\repository"/>
    <property name="java.vendor.url.bug" value="https://bugreport.java.com/bugreport/"/>
    <property name="java.io.tmpdir" value="C:\Users\kosma\AppData\Local\Temp\"/>
    <property name="java.version" value="17.0.12"/>
    <property name="user.dir" value="C:\Users\kosma\IdeaProjects\SQLDomainGen"/>
    <property name="os.arch" value="amd64"/>
    <property name="java.vm.specification.name" value="Java Virtual Machine Specification"/>
    <property name="sun.os.patch.level" value=""/>
    <property name="native.encoding" value="Cp1253"/>
    <property name="java.library.path" value="C:\Program Files\Java\jdk-17\bin;C:\WINDOWS\Sun\Java\bin;C:\WINDOWS\system32;C:\WINDOWS;C:\Python313\Scripts\;C:\Python313\;C:\Program Files\Common Files\Oracle\Java\javapath;C:\WINDOWS\system32;C:\WINDOWS;C:\WINDOWS\System32\Wbem;C:\WINDOWS\System32\WindowsPowerShell\v1.0\;C:\WINDOWS\System32\OpenSSH\;C:\Program Files\Docker\Docker\resources\bin;C:\Program Files\Git\cmd;C:\Program Files\Java\jdk-23\bin;C:\Program Files\Java\jdk-17\bin;C:\Program Files\apache-maven-3.9.9\bin;C:\ProgramData\chocolatey\bin;C:\Program Files\nodejs\;C:\Users\kosma\AppData\Local\Microsoft\WindowsApps;C:\Program Files\JetBrains\IntelliJ IDEA Community Edition 2024.3\bin;;C:\Users\kosma\AppData\Local\GitHubDesktop\bin;C:\Users\kosma\AppData\Roaming\npm;."/>
    <property name="java.vm.info" value="mixed mode, sharing"/>
    <property name="java.vendor" value="Oracle Corporation"/>
    <property name="java.vm.version" value="17.0.12+8-LTS-286"/>
    <property name="sun.io.unicode.encoding" value="UnicodeLittle"/>
    <property name="java.class.version" value="61.0"/>
  </properties>
  <testcase name="testRelationshipTypeParsing" classname="com.sqldomaingen.GrammarRelationshipTest" time="0.004">
    <system-out><![CDATA[00:28:08.818 [main] INFO com.sqldomaingen.GrammarRelationshipTest -- Token Type: null, Text: FOREIGN KEY
00:28:08.819 [main] INFO com.sqldomaingen.GrammarRelationshipTest -- Token Type: LPAREN, Text: (
00:28:08.819 [main] INFO com.sqldomaingen.GrammarRelationshipTest -- Token Type: IDENTIFIER, Text: id
00:28:08.819 [main] INFO com.sqldomaingen.GrammarRelationshipTest -- Token Type: RPAREN, Text: )
00:28:08.819 [main] INFO com.sqldomaingen.GrammarRelationshipTest -- Token Type: null, Text: REFERENCES
00:28:08.819 [main] INFO com.sqldomaingen.GrammarRelationshipTest -- Token Type: IDENTIFIER, Text: other_table
00:28:08.819 [main] INFO com.sqldomaingen.GrammarRelationshipTest -- Token Type: LPAREN, Text: (
00:28:08.819 [main] INFO com.sqldomaingen.GrammarRelationshipTest -- Token Type: IDENTIFIER, Text: id
00:28:08.819 [main] INFO com.sqldomaingen.GrammarRelationshipTest -- Token Type: RPAREN, Text: )
00:28:08.819 [main] INFO com.sqldomaingen.GrammarRelationshipTest -- Token Type: RELATIONSHIP, Text: RELATIONSHIP
00:28:08.819 [main] INFO com.sqldomaingen.GrammarRelationshipTest -- Token Type: null, Text: ONETOONE
00:28:08.819 [main] INFO com.sqldomaingen.GrammarRelationshipTest -- Token Type: SEMICOLON, Text: ;
00:28:08.819 [main] INFO com.sqldomaingen.GrammarRelationshipTest -- Token Type: EOF, Text: <EOF>
]]></system-out>
  </testcase>
  <testcase name="testRelationshipManyToMany" classname="com.sqldomaingen.GrammarRelationshipTest" time="0.005">
    <system-out><![CDATA[00:28:08.824 [main] INFO com.sqldomaingen.GrammarRelationshipTest -- Token Type: null, Text: FOREIGN KEY
00:28:08.825 [main] INFO com.sqldomaingen.GrammarRelationshipTest -- Token Type: LPAREN, Text: (
00:28:08.825 [main] INFO com.sqldomaingen.GrammarRelationshipTest -- Token Type: IDENTIFIER, Text: column_name
00:28:08.825 [main] INFO com.sqldomaingen.GrammarRelationshipTest -- Token Type: RPAREN, Text: )
00:28:08.825 [main] INFO com.sqldomaingen.GrammarRelationshipTest -- Token Type: null, Text: REFERENCES
00:28:08.825 [main] INFO com.sqldomaingen.GrammarRelationshipTest -- Token Type: IDENTIFIER, Text: other_table
00:28:08.825 [main] INFO com.sqldomaingen.GrammarRelationshipTest -- Token Type: LPAREN, Text: (
00:28:08.825 [main] INFO com.sqldomaingen.GrammarRelationshipTest -- Token Type: IDENTIFIER, Text: column_name
00:28:08.825 [main] INFO com.sqldomaingen.GrammarRelationshipTest -- Token Type: RPAREN, Text: )
00:28:08.825 [main] INFO com.sqldomaingen.GrammarRelationshipTest -- Token Type: RELATIONSHIP, Text: RELATIONSHIP
00:28:08.825 [main] INFO com.sqldomaingen.GrammarRelationshipTest -- Token Type: null, Text: MANYTOMANY
00:28:08.825 [main] INFO com.sqldomaingen.GrammarRelationshipTest -- Token Type: SEMICOLON, Text: ;
00:28:08.825 [main] INFO com.sqldomaingen.GrammarRelationshipTest -- Token Type: EOF, Text: <EOF>
]]></system-out>
  </testcase>
  <testcase name="testRelationshipManyToOneDefault" classname="com.sqldomaingen.GrammarRelationshipTest" time="0.004">
    <system-out><![CDATA[00:28:08.830 [main] INFO com.sqldomaingen.GrammarRelationshipTest -- Token Type: null, Text: FOREIGN KEY
00:28:08.830 [main] INFO com.sqldomaingen.GrammarRelationshipTest -- Token Type: LPAREN, Text: (
00:28:08.830 [main] INFO com.sqldomaingen.GrammarRelationshipTest -- Token Type: IDENTIFIER, Text: column_name
00:28:08.830 [main] INFO com.sqldomaingen.GrammarRelationshipTest -- Token Type: RPAREN, Text: )
00:28:08.830 [main] INFO com.sqldomaingen.GrammarRelationshipTest -- Token Type: null, Text: REFERENCES
00:28:08.830 [main] INFO com.sqldomaingen.GrammarRelationshipTest -- Token Type: IDENTIFIER, Text: other_table
00:28:08.830 [main] INFO com.sqldomaingen.GrammarRelationshipTest -- Token Type: LPAREN, Text: (
00:28:08.830 [main] INFO com.sqldomaingen.GrammarRelationshipTest -- Token Type: IDENTIFIER, Text: column_name
00:28:08.830 [main] INFO com.sqldomaingen.GrammarRelationshipTest -- Token Type: RPAREN, Text: )
00:28:08.830 [main] INFO com.sqldomaingen.GrammarRelationshipTest -- Token Type: SEMICOLON, Text: ;
00:28:08.830 [main] INFO com.sqldomaingen.GrammarRelationshipTest -- Token Type: EOF, Text: <EOF>
]]></system-out>
  </testcase>
  <testcase name="testRelationshipOneToOne" classname="com.sqldomaingen.GrammarRelationshipTest" time="0.003">
    <system-out><![CDATA[00:28:08.835 [main] INFO com.sqldomaingen.GrammarRelationshipTest -- Token Type: null, Text: FOREIGN KEY
00:28:08.835 [main] INFO com.sqldomaingen.GrammarRelationshipTest -- Token Type: LPAREN, Text: (
00:28:08.835 [main] INFO com.sqldomaingen.GrammarRelationshipTest -- Token Type: IDENTIFIER, Text: column_name
00:28:08.835 [main] INFO com.sqldomaingen.GrammarRelationshipTest -- Token Type: RPAREN, Text: )
00:28:08.835 [main] INFO com.sqldomaingen.GrammarRelationshipTest -- Token Type: null, Text: REFERENCES
00:28:08.835 [main] INFO com.sqldomaingen.GrammarRelationshipTest -- Token Type: IDENTIFIER, Text: other_table
00:28:08.835 [main] INFO com.sqldomaingen.GrammarRelationshipTest -- Token Type: LPAREN, Text: (
00:28:08.835 [main] INFO com.sqldomaingen.GrammarRelationshipTest -- Token Type: IDENTIFIER, Text: column_name
00:28:08.835 [main] INFO com.sqldomaingen.GrammarRelationshipTest -- Token Type: RPAREN, Text: )
00:28:08.835 [main] INFO com.sqldomaingen.GrammarRelationshipTest -- Token Type: RELATIONSHIP, Text: RELATIONSHIP
00:28:08.835 [main] INFO com.sqldomaingen.GrammarRelationshipTest -- Token Type: null, Text: ONETOONE
00:28:08.835 [main] INFO com.sqldomaingen.GrammarRelationshipTest -- Token Type: SEMICOLON, Text: ;
00:28:08.835 [main] INFO com.sqldomaingen.GrammarRelationshipTest -- Token Type: EOF, Text: <EOF>
]]></system-out>
  </testcase>
  <testcase name="testRelationshipOneToMany" classname="com.sqldomaingen.GrammarRelationshipTest" time="0.002">
    <system-out><![CDATA[00:28:08.838 [main] INFO com.sqldomaingen.GrammarRelationshipTest -- Token Type: null, Text: FOREIGN KEY
00:28:08.838 [main] INFO com.sqldomaingen.GrammarRelationshipTest -- Token Type: LPAREN, Text: (
00:28:08.838 [main] INFO com.sqldomaingen.GrammarRelationshipTest -- Token Type: IDENTIFIER, Text: column_name
00:28:08.838 [main] INFO com.sqldomaingen.GrammarRelationshipTest -- Token Type: RPAREN, Text: )
00:28:08.838 [main] INFO com.sqldomaingen.GrammarRelationshipTest -- Token Type: null, Text: REFERENCES
00:28:08.838 [main] INFO com.sqldomaingen.GrammarRelationshipTest -- Token Type: IDENTIFIER, Text: other_table
00:28:08.838 [main] INFO com.sqldomaingen.GrammarRelationshipTest -- Token Type: LPAREN, Text: (
00:28:08.838 [main] INFO com.sqldomaingen.GrammarRelationshipTest -- Token Type: IDENTIFIER, Text: column_name
00:28:08.838 [main] INFO com.sqldomaingen.GrammarRelationshipTest -- Token Type: RPAREN, Text: )
00:28:08.838 [main] INFO com.sqldomaingen.GrammarRelationshipTest -- Token Type: RELATIONSHIP, Text: RELATIONSHIP
00:28:08.838 [main] INFO com.sqldomaingen.GrammarRelationshipTest -- Token Type: null, Text: ONETOMANY
00:28:08.838 [main] INFO com.sqldomaingen.GrammarRelationshipTest -- Token Type: SEMICOLON, Text: ;
00:28:08.838 [main] INFO com.sqldomaingen.GrammarRelationshipTest -- Token Type: EOF, Text: <EOF>
]]></system-out>
  </testcase>
</testsuite>